<?xml version="1.0" encoding="UTF-8" ?>
<testsuite failures="0" time="0.124" errors="0" skipped="0" tests="61" name="no.uib.cipr.matrix.sparse.FlexCompRowMatrixTest">
  <properties>
    <property name="java.runtime.name" value="OpenJDK Runtime Environment"/>
    <property name="sun.boot.library.path" value="/usr/lib/jvm/java-7-openjdk-amd64/jre/lib/amd64"/>
    <property name="java.vm.version" value="24.65-b04"/>
    <property name="java.vm.vendor" value="Oracle Corporation"/>
    <property name="java.vendor.url" value="http://java.oracle.com/"/>
    <property name="path.separator" value=":"/>
    <property name="guice.disable.misplaced.annotation.check" value="true"/>
    <property name="java.vm.name" value="OpenJDK 64-Bit Server VM"/>
    <property name="file.encoding.pkg" value="sun.io"/>
    <property name="user.country" value="CA"/>
    <property name="sun.java.launcher" value="SUN_STANDARD"/>
    <property name="sun.os.patch.level" value="unknown"/>
    <property name="java.vm.specification.name" value="Java Virtual Machine Specification"/>
    <property name="user.dir" value="/home/reihaneh/projects/AttributeGraphJava/libs/matrix-toolkits-java-mtj-1.0.1"/>
    <property name="java.runtime.version" value="1.7.0_65-b32"/>
    <property name="java.awt.graphicsenv" value="sun.awt.X11GraphicsEnvironment"/>
    <property name="java.endorsed.dirs" value="/usr/lib/jvm/java-7-openjdk-amd64/jre/lib/endorsed"/>
    <property name="os.arch" value="amd64"/>
    <property name="java.io.tmpdir" value="/tmp"/>
    <property name="line.separator" value="
"/>
    <property name="java.vm.specification.vendor" value="Oracle Corporation"/>
    <property name="os.name" value="Linux"/>
    <property name="classworlds.conf" value="/usr/share/maven/bin/m2.conf"/>
    <property name="sun.jnu.encoding" value="UTF-8"/>
    <property name="java.library.path" value="/usr/java/packages/lib/amd64:/usr/lib/x86_64-linux-gnu/jni:/lib/x86_64-linux-gnu:/usr/lib/x86_64-linux-gnu:/usr/lib/jni:/lib:/usr/lib"/>
    <property name="java.specification.name" value="Java Platform API Specification"/>
    <property name="java.class.version" value="51.0"/>
    <property name="sun.management.compiler" value="HotSpot 64-Bit Tiered Compilers"/>
    <property name="os.version" value="3.13.0-32-generic"/>
    <property name="user.home" value="/home/reihaneh"/>
    <property name="user.timezone" value="America/Edmonton"/>
    <property name="java.awt.printerjob" value="sun.print.PSPrinterJob"/>
    <property name="file.encoding" value="UTF-8"/>
    <property name="java.specification.version" value="1.7"/>
    <property name="user.name" value="reihaneh"/>
    <property name="java.class.path" value="/usr/share/maven/boot/plexus-classworlds-2.x.jar"/>
    <property name="java.vm.specification.version" value="1.7"/>
    <property name="sun.arch.data.model" value="64"/>
    <property name="java.home" value="/usr/lib/jvm/java-7-openjdk-amd64/jre"/>
    <property name="sun.java.command" value="org.codehaus.plexus.classworlds.launcher.Launcher package"/>
    <property name="java.specification.vendor" value="Oracle Corporation"/>
    <property name="user.language" value="en"/>
    <property name="awt.toolkit" value="sun.awt.X11.XToolkit"/>
    <property name="java.vm.info" value="mixed mode"/>
    <property name="java.version" value="1.7.0_65"/>
    <property name="java.ext.dirs" value="/usr/lib/jvm/java-7-openjdk-amd64/jre/lib/ext:/usr/java/packages/lib/ext"/>
    <property name="securerandom.source" value="file:/dev/./urandom"/>
    <property name="sun.boot.class.path" value="/usr/lib/jvm/java-7-openjdk-amd64/jre/lib/resources.jar:/usr/lib/jvm/java-7-openjdk-amd64/jre/lib/rt.jar:/usr/lib/jvm/java-7-openjdk-amd64/jre/lib/sunrsasign.jar:/usr/lib/jvm/java-7-openjdk-amd64/jre/lib/jsse.jar:/usr/lib/jvm/java-7-openjdk-amd64/jre/lib/jce.jar:/usr/lib/jvm/java-7-openjdk-amd64/jre/lib/charsets.jar:/usr/lib/jvm/java-7-openjdk-amd64/jre/lib/rhino.jar:/usr/lib/jvm/java-7-openjdk-amd64/jre/lib/jfr.jar:/usr/lib/jvm/java-7-openjdk-amd64/jre/classes"/>
    <property name="java.vendor" value="Oracle Corporation"/>
    <property name="maven.home" value="/usr/share/maven"/>
    <property name="file.separator" value="/"/>
    <property name="java.vendor.url.bug" value="http://bugreport.sun.com/bugreport/"/>
    <property name="sun.cpu.endian" value="little"/>
    <property name="sun.io.unicode.encoding" value="UnicodeLittle"/>
    <property name="sun.desktop" value="gnome"/>
    <property name="sun.cpu.isalist" value=""/>
  </properties>
  <testcase time="0.002" classname="no.uib.cipr.matrix.sparse.FlexCompRowMatrixTest" name="testMatrixSolve"/>
  <testcase time="0" classname="no.uib.cipr.matrix.sparse.FlexCompRowMatrixTest" name="testTransMatrixSolve"/>
  <testcase time="0" classname="no.uib.cipr.matrix.sparse.FlexCompRowMatrixTest" name="testVectorSolve"/>
  <testcase time="0.001" classname="no.uib.cipr.matrix.sparse.FlexCompRowMatrixTest" name="testTransVectorSolve"/>
  <testcase time="0" classname="no.uib.cipr.matrix.sparse.FlexCompRowMatrixTest" name="testMatrixSet"/>
  <testcase time="0.001" classname="no.uib.cipr.matrix.sparse.FlexCompRowMatrixTest" name="testOneMatrixAdd"/>
  <testcase time="0" classname="no.uib.cipr.matrix.sparse.FlexCompRowMatrixTest" name="testOneMatrixSet"/>
  <testcase time="0.002" classname="no.uib.cipr.matrix.sparse.FlexCompRowMatrixTest" name="testRandomMatrixAdd"/>
  <testcase time="0.001" classname="no.uib.cipr.matrix.sparse.FlexCompRowMatrixTest" name="testRandomMatrixSet"/>
  <testcase time="0" classname="no.uib.cipr.matrix.sparse.FlexCompRowMatrixTest" name="testZeroMatrixAdd"/>
  <testcase time="0.001" classname="no.uib.cipr.matrix.sparse.FlexCompRowMatrixTest" name="testZeroMatrixSet"/>
  <testcase time="0.001" classname="no.uib.cipr.matrix.sparse.FlexCompRowMatrixTest" name="testVectorRank1"/>
  <testcase time="0" classname="no.uib.cipr.matrix.sparse.FlexCompRowMatrixTest" name="testVectorRank1Dense"/>
  <testcase time="0.001" classname="no.uib.cipr.matrix.sparse.FlexCompRowMatrixTest" name="testVectorRank2"/>
  <testcase time="0" classname="no.uib.cipr.matrix.sparse.FlexCompRowMatrixTest" name="testVectorRank2Dense"/>
  <testcase time="0.001" classname="no.uib.cipr.matrix.sparse.FlexCompRowMatrixTest" name="testMatrixRank1"/>
  <testcase time="0.001" classname="no.uib.cipr.matrix.sparse.FlexCompRowMatrixTest" name="testMatrixRank1Dense"/>
  <testcase time="0.001" classname="no.uib.cipr.matrix.sparse.FlexCompRowMatrixTest" name="testMatrixTransRank1Dense"/>
  <testcase time="0.001" classname="no.uib.cipr.matrix.sparse.FlexCompRowMatrixTest" name="testMatrixTransRank1"/>
  <testcase time="0" classname="no.uib.cipr.matrix.sparse.FlexCompRowMatrixTest" name="testMatrixRank2"/>
  <testcase time="0.001" classname="no.uib.cipr.matrix.sparse.FlexCompRowMatrixTest" name="testMatrixRank2Dense"/>
  <testcase time="0" classname="no.uib.cipr.matrix.sparse.FlexCompRowMatrixTest" name="testMatrixTransRank2"/>
  <testcase time="0.002" classname="no.uib.cipr.matrix.sparse.FlexCompRowMatrixTest" name="testMatrixTransRank2Dense"/>
  <testcase time="0" classname="no.uib.cipr.matrix.sparse.FlexCompRowMatrixTest" name="testTranspose"/>
  <testcase time="0.001" classname="no.uib.cipr.matrix.sparse.FlexCompRowMatrixTest" name="testTransposeInplace"/>
  <testcase time="0" classname="no.uib.cipr.matrix.sparse.FlexCompRowMatrixTest" name="testMatrixAdd"/>
  <testcase time="0.018" classname="no.uib.cipr.matrix.sparse.FlexCompRowMatrixTest" name="testMatrixMultDense"/>
  <testcase time="0.002" classname="no.uib.cipr.matrix.sparse.FlexCompRowMatrixTest" name="testMatrixMult"/>
  <testcase time="0.003" classname="no.uib.cipr.matrix.sparse.FlexCompRowMatrixTest" name="testMatrixTransAmultDense"/>
  <testcase time="0.001" classname="no.uib.cipr.matrix.sparse.FlexCompRowMatrixTest" name="testMatrixTransAmult"/>
  <testcase time="0.005" classname="no.uib.cipr.matrix.sparse.FlexCompRowMatrixTest" name="testMatrixTransABmultDense"/>
  <testcase time="0.022" classname="no.uib.cipr.matrix.sparse.FlexCompRowMatrixTest" name="testMatrixTransABmult"/>
  <testcase time="0.001" classname="no.uib.cipr.matrix.sparse.FlexCompRowMatrixTest" name="testMatrixTransBmultDense"/>
  <testcase time="0.007" classname="no.uib.cipr.matrix.sparse.FlexCompRowMatrixTest" name="testMatrixTransBmult"/>
  <testcase time="0" classname="no.uib.cipr.matrix.sparse.FlexCompRowMatrixTest" name="testMatrixMultAddDense"/>
  <testcase time="0.013" classname="no.uib.cipr.matrix.sparse.FlexCompRowMatrixTest" name="testMatrixMultAdd"/>
  <testcase time="0.006" classname="no.uib.cipr.matrix.sparse.FlexCompRowMatrixTest" name="testMatrixTransAmultAddDense"/>
  <testcase time="0.001" classname="no.uib.cipr.matrix.sparse.FlexCompRowMatrixTest" name="testMatrixTransAmultAdd"/>
  <testcase time="0.004" classname="no.uib.cipr.matrix.sparse.FlexCompRowMatrixTest" name="testMatrixTransABmultAddDense"/>
  <testcase time="0.003" classname="no.uib.cipr.matrix.sparse.FlexCompRowMatrixTest" name="testMatrixTransABmultAdd"/>
  <testcase time="0.001" classname="no.uib.cipr.matrix.sparse.FlexCompRowMatrixTest" name="testMatrixTransBmultAddDense"/>
  <testcase time="0.001" classname="no.uib.cipr.matrix.sparse.FlexCompRowMatrixTest" name="testMatrixTransBmultAdd"/>
  <testcase time="0" classname="no.uib.cipr.matrix.sparse.FlexCompRowMatrixTest" name="testVectorTransMultAddDense"/>
  <testcase time="0.001" classname="no.uib.cipr.matrix.sparse.FlexCompRowMatrixTest" name="testVectorTransMultAdd"/>
  <testcase time="0" classname="no.uib.cipr.matrix.sparse.FlexCompRowMatrixTest" name="testVectorMultDense"/>
  <testcase time="0" classname="no.uib.cipr.matrix.sparse.FlexCompRowMatrixTest" name="testVectorMult"/>
  <testcase time="0.001" classname="no.uib.cipr.matrix.sparse.FlexCompRowMatrixTest" name="testVectorMultAddDense"/>
  <testcase time="0.001" classname="no.uib.cipr.matrix.sparse.FlexCompRowMatrixTest" name="testVectorMultAdd"/>
  <testcase time="0.001" classname="no.uib.cipr.matrix.sparse.FlexCompRowMatrixTest" name="testAdd"/>
  <testcase time="0" classname="no.uib.cipr.matrix.sparse.FlexCompRowMatrixTest" name="testCopy"/>
  <testcase time="0.003" classname="no.uib.cipr.matrix.sparse.FlexCompRowMatrixTest" name="testIterator"/>
  <testcase time="0.002" classname="no.uib.cipr.matrix.sparse.FlexCompRowMatrixTest" name="testIteratorSet"/>
  <testcase time="0" classname="no.uib.cipr.matrix.sparse.FlexCompRowMatrixTest" name="testIteratorSetGet"/>
  <testcase time="0" classname="no.uib.cipr.matrix.sparse.FlexCompRowMatrixTest" name="testZero"/>
  <testcase time="0.001" classname="no.uib.cipr.matrix.sparse.FlexCompRowMatrixTest" name="testCardinality"/>
  <testcase time="0" classname="no.uib.cipr.matrix.sparse.FlexCompRowMatrixTest" name="testScale"/>
  <testcase time="0" classname="no.uib.cipr.matrix.sparse.FlexCompRowMatrixTest" name="testZeroScale"/>
  <testcase time="0.001" classname="no.uib.cipr.matrix.sparse.FlexCompRowMatrixTest" name="testOneScale"/>
  <testcase time="0.002" classname="no.uib.cipr.matrix.sparse.FlexCompRowMatrixTest" name="testOneNorm"/>
  <testcase time="0" classname="no.uib.cipr.matrix.sparse.FlexCompRowMatrixTest" name="testFrobeniusNorm"/>
  <testcase time="0" classname="no.uib.cipr.matrix.sparse.FlexCompRowMatrixTest" name="testInfinityNorm"/>
</testsuite>